<?xml version="1.0" encoding="UTF-8"?>
<testng-results ignored="0" total="1" passed="1" failed="0" skipped="0">
  <reporter-output>
  </reporter-output>
  <suite started-at="2025-10-18T20:48:01 AST" name="Default suite" finished-at="2025-10-18T20:48:10 AST" duration-ms="9386">
    <groups>
      <group name="cucumber">
        <method signature="AbstractTestNGCucumberTests.runScenario(io.cucumber.testng.PickleWrapper,io.cucumber.testng.FeatureWrapper)[pri:0, instance:automation.RunCucumberTest@68b32e3e]" name="runScenario" class="io.cucumber.testng.AbstractTestNGCucumberTests"/>
      </group> <!-- cucumber -->
    </groups>
    <test started-at="2025-10-18T20:48:01 AST" name="Default test" finished-at="2025-10-18T20:48:10 AST" duration-ms="9386">
      <class name="automation.RunCucumberTest">
        <test-method is-config="true" signature="setUpClass(org.testng.ITestContext)[pri:0, instance:automation.RunCucumberTest@68b32e3e]" started-at="2025-10-18T20:48:01 AST" name="setUpClass" finished-at="2025-10-18T20:48:02 AST" duration-ms="652" status="PASS">
          <params>
            <param index="0">
              <value>
                <![CDATA[org.testng.TestRunner@747835f5]]>
              </value>
            </param>
          </params>
          <reporter-output>
          </reporter-output>
        </test-method> <!-- setUpClass -->
        <test-method signature="runScenario(io.cucumber.testng.PickleWrapper,io.cucumber.testng.FeatureWrapper)[pri:0, instance:automation.RunCucumberTest@68b32e3e]" started-at="2025-10-18T20:48:02 AST" name="runScenario" description="Runs Cucumber Scenarios" data-provider="scenarios" finished-at="2025-10-18T20:48:10 AST" duration-ms="8542" status="PASS">
          <params>
            <param index="0">
              <value>
                <![CDATA["Simple passing scenario"]]>
              </value>
            </param>
            <param index="1">
              <value>
                <![CDATA["Example feature"]]>
              </value>
            </param>
          </params>
          <reporter-output>
          </reporter-output>
        </test-method> <!-- runScenario -->
        <test-method is-config="true" signature="tearDownClass()[pri:0, instance:automation.RunCucumberTest@68b32e3e]" started-at="2025-10-18T20:48:10 AST" name="tearDownClass" finished-at="2025-10-18T20:48:10 AST" duration-ms="60" status="PASS">
          <reporter-output>
          </reporter-output>
        </test-method> <!-- tearDownClass -->
      </class> <!-- automation.RunCucumberTest -->
    </test> <!-- Default test -->
  </suite> <!-- Default suite -->
</testng-results>
